usbSerialExamples/build/outputs/logs/manifest-merger-debug-report.txt
-- Merging decision tree log ---
manifest
ADDED from src\main\AndroidManifest.xml:2:1-42:12
	package
		ADDED from src\main\AndroidManifest.xml:4:5-50
		INJECTED from src\main\AndroidManifest.xml
		INJECTED from src\main\AndroidManifest.xml
	android:versionName
		ADDED from src\main\AndroidManifest.xml:6:5-30
		INJECTED from src\main\AndroidManifest.xml
		INJECTED from src\main\AndroidManifest.xml
	xmlns:tools
		ADDED from src\main\AndroidManifest.xml:3:5-51
	android:versionCode
		ADDED from src\main\AndroidManifest.xml:5:5-28
		INJECTED from src\main\AndroidManifest.xml
		INJECTED from src\main\AndroidManifest.xml
	xmlns:android
		ADDED from src\main\AndroidManifest.xml:2:11-69
uses-sdk
ADDED from src\main\AndroidManifest.xml:8:5-44
MERGED from [UsbSerialExamples:usbSerialLibrary:unspecified] AndroidManifest.xml:7:5-9:41
MERGED from [io.reactivex:rxandroid:1.2.1] AndroidManifest.xml:19:5-43
	android:targetSdkVersion
		INJECTED from src\main\AndroidManifest.xml
		INJECTED from src\main\AndroidManifest.xml
	android:minSdkVersion
		ADDED from src\main\AndroidManifest.xml:8:15-41
		INJECTED from src\main\AndroidManifest.xml
		INJECTED from src\main\AndroidManifest.xml
uses-feature#android.hardware.usb.host
ADDED from src\main\AndroidManifest.xml:10:5-62
	android:name
		ADDED from src\main\AndroidManifest.xml:10:19-59
application
ADDED from src\main\AndroidManifest.xml:12:5-40:19
	android:label
		ADDED from src\main\AndroidManifest.xml:14:9-41
	android:icon
		ADDED from src\main\AndroidManifest.xml:13:9-45
activity#com.hoho.android.usbserial.examples.DeviceListActivity
ADDED from src\main\AndroidManifest.xml:15:9-33:20
	android:screenOrientation
		ADDED from src\main\AndroidManifest.xml:19:13-49
	android:label
		ADDED from src\main\AndroidManifest.xml:17:13-45
	android:theme
		ADDED from src\main\AndroidManifest.xml:18:13-77
	android:name
		ADDED from src\main\AndroidManifest.xml:16:13-82
intent-filter#android.intent.action.MAIN+android.intent.category.DEFAULT+android.intent.category.LAUNCHER
ADDED from src\main\AndroidManifest.xml:20:13-25:29
action#android.intent.action.MAIN
ADDED from src\main\AndroidManifest.xml:21:17-69
	android:name
		ADDED from src\main\AndroidManifest.xml:21:25-66
category#android.intent.category.DEFAULT
ADDED from src\main\AndroidManifest.xml:23:17-76
	android:name
		ADDED from src\main\AndroidManifest.xml:23:27-73
category#android.intent.category.LAUNCHER
ADDED from src\main\AndroidManifest.xml:24:17-77
	android:name
		ADDED from src\main\AndroidManifest.xml:24:27-74
intent-filter#android.hardware.usb.action.USB_DEVICE_ATTACHED
ADDED from src\main\AndroidManifest.xml:26:13-28:29
action#android.hardware.usb.action.USB_DEVICE_ATTACHED
ADDED from src\main\AndroidManifest.xml:27:17-90
	android:name
		ADDED from src\main\AndroidManifest.xml:27:25-87
meta-data#android.hardware.usb.action.USB_DEVICE_ATTACHED
ADDED from src\main\AndroidManifest.xml:30:13-32:57
	android:resource
		ADDED from src\main\AndroidManifest.xml:32:17-54
	android:name
		ADDED from src\main\AndroidManifest.xml:31:17-79
activity#com.hoho.android.usbserial.examples.SerialConsoleActivity
ADDED from src\main\AndroidManifest.xml:34:9-39:20
	android:screenOrientation
		ADDED from src\main\AndroidManifest.xml:38:13-49
	android:label
		ADDED from src\main\AndroidManifest.xml:36:13-45
	android:theme
		ADDED from src\main\AndroidManifest.xml:37:13-77
	android:name
		ADDED from src\main\AndroidManifest.xml:35:13-85